<?xml version="1.0" encoding="UTF-8" ?>
<testsuite tests="2" failures="0" name="pt.isel.mpd.weathergw.test.TestCityLazyInit" time="0.078" errors="2" skipped="0">
  <properties>
[...]
</properties>
  <testcase classname="pt.isel.mpd.weathergw.test.TestCityLazyInit" name="test_city_eager_init" time="0.067">
    <error type="java.lang.NullPointerException">java.lang.NullPointerException
	at sun.misc.MetaIndex.mayContain(MetaIndex.java:242)
	at sun.misc.URLClassPath$JarLoader.getResource(URLClassPath.java:831)
	at sun.misc.URLClassPath.getResource(URLClassPath.java:199)
	at sun.misc.URLClassPath.getResource(URLClassPath.java:251)
	at java.lang.ClassLoader.getBootstrapResource(ClassLoader.java:1261)
	at java.lang.ClassLoader.getResource(ClassLoader.java:1090)
	at java.lang.ClassLoader.getResource(ClassLoader.java:1088)
	at java.lang.ClassLoader.getSystemResource(ClassLoader.java:1223)
	at java.lang.ClassLoader.getSystemResourceAsStream(ClassLoader.java:1326)
	at pt.isel.mpd.weathergw.WeatherParserFromFile.parseWeather(WeatherParserFromFile.java:35)
	at pt.isel.mpd.weathergw.test.TestCityLazyInit.lambda$test_city_eager_init$0(TestCityLazyInit.java:50)
	at pt.isel.mpd.weathergw.test.TestCityLazyInit$$Lambda$1/1973336893.parseWeather(Unknown Source)
	at pt.isel.mpd.weathergw.test.TestCityLazyInit$MyCounter.parseWeather(TestCityLazyInit.java:44)
	at pt.isel.mpd.weathergw.City.getWeatherHistory(City.java:36)
	at pt.isel.mpd.weathergw.test.TestCityLazyInit.test_city_eager_init(TestCityLazyInit.java:52)
	at sun.reflect.NativeMethodAccessorImpl.invoke0(Native Method)
	at sun.reflect.NativeMethodAccessorImpl.invoke(NativeMethodAccessorImpl.java:62)
	at sun.reflect.DelegatingMethodAccessorImpl.invoke(DelegatingMethodAccessorImpl.java:43)
	at java.lang.reflect.Method.invoke(Method.java:483)
	at junit.framework.TestCase.runTest(TestCase.java:168)
	at junit.framework.TestCase.runBare(TestCase.java:134)
	at junit.framework.TestResult$1.protect(TestResult.java:110)
	at junit.framework.TestResult.runProtected(TestResult.java:128)
	at junit.framework.TestResult.run(TestResult.java:113)
	at junit.framework.TestCase.run(TestCase.java:124)
	at junit.framework.TestSuite.runTest(TestSuite.java:243)
	at junit.framework.TestSuite.run(TestSuite.java:238)
	at org.junit.internal.runners.JUnit38ClassRunner.run(JUnit38ClassRunner.java:83)
	at org.apache.maven.surefire.junit4.JUnit4TestSet.execute(JUnit4TestSet.java:53)
	at org.apache.maven.surefire.junit4.JUnit4Provider.executeTestSet(JUnit4Provider.java:123)
	at org.apache.maven.surefire.junit4.JUnit4Provider.invoke(JUnit4Provider.java:104)
	at sun.reflect.NativeMethodAccessorImpl.invoke0(Native Method)
	at sun.reflect.NativeMethodAccessorImpl.invoke(NativeMethodAccessorImpl.java:62)
	at sun.reflect.DelegatingMethodAccessorImpl.invoke(DelegatingMethodAccessorImpl.java:43)
	at java.lang.reflect.Method.invoke(Method.java:483)
	at org.apache.maven.surefire.util.ReflectionUtils.invokeMethodWithArray(ReflectionUtils.java:164)
	at org.apache.maven.surefire.booter.ProviderFactory$ProviderProxy.invoke(ProviderFactory.java:110)
	at org.apache.maven.surefire.booter.SurefireStarter.invokeProvider(SurefireStarter.java:175)
	at org.apache.maven.surefire.booter.SurefireStarter.runSuitesInProcessWhenForked(SurefireStarter.java:107)
	at org.apache.maven.surefire.booter.ForkedBooter.main(ForkedBooter.java:68)
</error>
  </testcase>
  <testcase classname="pt.isel.mpd.weathergw.test.TestCityLazyInit" name="test_city_lazy_init" time="0.009">
    <error type="java.lang.NullPointerException">java.lang.NullPointerException
	at sun.misc.MetaIndex.mayContain(MetaIndex.java:242)
	at sun.misc.URLClassPath$JarLoader.getResource(URLClassPath.java:831)
	at sun.misc.URLClassPath.getResource(URLClassPath.java:199)
	at sun.misc.URLClassPath.getResource(URLClassPath.java:251)
	at java.lang.ClassLoader.getBootstrapResource(ClassLoader.java:1261)
	at java.lang.ClassLoader.getResource(ClassLoader.java:1090)
	at java.lang.ClassLoader.getResource(ClassLoader.java:1088)
	at java.lang.ClassLoader.getSystemResource(ClassLoader.java:1223)
	at java.lang.ClassLoader.getSystemResourceAsStream(ClassLoader.java:1326)
	at pt.isel.mpd.weathergw.WeatherParserFromFile.parseWeather(WeatherParserFromFile.java:35)
	at pt.isel.mpd.weathergw.test.TestCityLazyInit.lambda$test_city_lazy_init$1(TestCityLazyInit.java:63)
	at pt.isel.mpd.weathergw.test.TestCityLazyInit$$Lambda$2/183264084.parseWeather(Unknown Source)
	at pt.isel.mpd.weathergw.test.TestCityLazyInit$MyCounter.parseWeather(TestCityLazyInit.java:44)
	at pt.isel.mpd.weathergw.CityLazy.lambda$new$2(CityLazy.java:36)
	at pt.isel.mpd.weathergw.CityLazy$$Lambda$3/460332449.get(Unknown Source)
	at pt.isel.mpd.util.LazyInit$Initializer.lambda$new$1(LazyInit.java:33)
	at pt.isel.mpd.util.LazyInit$Initializer$$Lambda$4/250075633.get(Unknown Source)
	at pt.isel.mpd.util.LazyInit$Initializer.get(LazyInit.java:41)
	at pt.isel.mpd.weathergw.CityLazy.getWeatherHistory(CityLazy.java:40)
	at pt.isel.mpd.weathergw.test.TestCityLazyInit.test_city_lazy_init(TestCityLazyInit.java:65)
	at sun.reflect.NativeMethodAccessorImpl.invoke0(Native Method)
	at sun.reflect.NativeMethodAccessorImpl.invoke(NativeMethodAccessorImpl.java:62)
	at sun.reflect.DelegatingMethodAccessorImpl.invoke(DelegatingMethodAccessorImpl.java:43)
	at java.lang.reflect.Method.invoke(Method.java:483)
	at junit.framework.TestCase.runTest(TestCase.java:168)
	at junit.framework.TestCase.runBare(TestCase.java:134)
	at junit.framework.TestResult$1.protect(TestResult.java:110)
	at junit.framework.TestResult.runProtected(TestResult.java:128)
	at junit.framework.TestResult.run(TestResult.java:113)
	at junit.framework.TestCase.run(TestCase.java:124)
	at junit.framework.TestSuite.runTest(TestSuite.java:243)
	at junit.framework.TestSuite.run(TestSuite.java:238)
	at org.junit.internal.runners.JUnit38ClassRunner.run(JUnit38ClassRunner.java:83)
	at org.apache.maven.surefire.junit4.JUnit4TestSet.execute(JUnit4TestSet.java:53)
	at org.apache.maven.surefire.junit4.JUnit4Provider.executeTestSet(JUnit4Provider.java:123)
	at org.apache.maven.surefire.junit4.JUnit4Provider.invoke(JUnit4Provider.java:104)
	at sun.reflect.NativeMethodAccessorImpl.invoke0(Native Method)
	at sun.reflect.NativeMethodAccessorImpl.invoke(NativeMethodAccessorImpl.java:62)
	at sun.reflect.DelegatingMethodAccessorImpl.invoke(DelegatingMethodAccessorImpl.java:43)
	at java.lang.reflect.Method.invoke(Method.java:483)
	at org.apache.maven.surefire.util.ReflectionUtils.invokeMethodWithArray(ReflectionUtils.java:164)
	at org.apache.maven.surefire.booter.ProviderFactory$ProviderProxy.invoke(ProviderFactory.java:110)
	at org.apache.maven.surefire.booter.SurefireStarter.invokeProvider(SurefireStarter.java:175)
	at org.apache.maven.surefire.booter.SurefireStarter.runSuitesInProcessWhenForked(SurefireStarter.java:107)
	at org.apache.maven.surefire.booter.ForkedBooter.main(ForkedBooter.java:68)
</error>
  </testcase>
</testsuite>