<?xml version="1.0" encoding="UTF-8" ?>
<testsuite tests="4" failures="0" name="pt.isel.mpd.weathergw.test.WeatherTestWithHTTP" time="1.161" errors="4" skipped="0">
  <properties>
[...]
</properties>
  <testcase classname="pt.isel.mpd.weathergw.test.WeatherTestWithHTTP" name="test_parse_weather_info" time="0.701">
    <error type="java.lang.NullPointerException">java.lang.NullPointerException
	at pt.isel.mpd.weathergw.WeatherParserFromStream.parseWeather(WeatherParserFromStream.java:39)
	at pt.isel.mpd.weathergw.WeatherParserFromHttp.parseWeather(WeatherParserFromHttp.java:43)
	at pt.isel.mpd.weathergw.test.WeatherTestWithHTTP.test_parse_weather_info(WeatherTestWithHTTP.java:37)
	at sun.reflect.NativeMethodAccessorImpl.invoke0(Native Method)
	at sun.reflect.NativeMethodAccessorImpl.invoke(NativeMethodAccessorImpl.java:62)
	at sun.reflect.DelegatingMethodAccessorImpl.invoke(DelegatingMethodAccessorImpl.java:43)
	at java.lang.reflect.Method.invoke(Method.java:483)
	at junit.framework.TestCase.runTest(TestCase.java:168)
	at junit.framework.TestCase.runBare(TestCase.java:134)
	at junit.framework.TestResult$1.protect(TestResult.java:110)
	at junit.framework.TestResult.runProtected(TestResult.java:128)
	at junit.framework.TestResult.run(TestResult.java:113)
	at junit.framework.TestCase.run(TestCase.java:124)
	at junit.framework.TestSuite.runTest(TestSuite.java:243)
	at junit.framework.TestSuite.run(TestSuite.java:238)
	at org.junit.internal.runners.JUnit38ClassRunner.run(JUnit38ClassRunner.java:83)
	at org.apache.maven.surefire.junit4.JUnit4TestSet.execute(JUnit4TestSet.java:53)
	at org.apache.maven.surefire.junit4.JUnit4Provider.executeTestSet(JUnit4Provider.java:123)
	at org.apache.maven.surefire.junit4.JUnit4Provider.invoke(JUnit4Provider.java:104)
	at sun.reflect.NativeMethodAccessorImpl.invoke0(Native Method)
	at sun.reflect.NativeMethodAccessorImpl.invoke(NativeMethodAccessorImpl.java:62)
	at sun.reflect.DelegatingMethodAccessorImpl.invoke(DelegatingMethodAccessorImpl.java:43)
	at java.lang.reflect.Method.invoke(Method.java:483)
	at org.apache.maven.surefire.util.ReflectionUtils.invokeMethodWithArray(ReflectionUtils.java:164)
	at org.apache.maven.surefire.booter.ProviderFactory$ProviderProxy.invoke(ProviderFactory.java:110)
	at org.apache.maven.surefire.booter.SurefireStarter.invokeProvider(SurefireStarter.java:175)
	at org.apache.maven.surefire.booter.SurefireStarter.runSuitesInProcessWhenForked(SurefireStarter.java:107)
	at org.apache.maven.surefire.booter.ForkedBooter.main(ForkedBooter.java:68)
</error>
    <system-err>Mar 24, 2015 2:21:13 PM org.apache.http.client.protocol.ResponseProcessCookies processCookies
WARNING: Cookie rejected [wwoanon=&quot;wOpiYcMVWIDHttaO4TmIpOn-iC33ATZzxblxTjgsVk8hdYWfjkNUVLU9UipRJqBwtwNTMXyM64wk19af9A7rtRYeEUAKg5z9JXgE...&quot;, version:0, domain:www.worldweatheronline.com, path:/, expiry:Thu Feb 16 01:00:34 WET 2017] Illegal domain attribute &quot;www.worldweatheronline.com&quot;. Domain of origin: &quot;api.worldweatheronline.com&quot;
</system-err>
  </testcase>
  <testcase classname="pt.isel.mpd.weathergw.test.WeatherTestWithHTTP" name="test_search_by_predicate" time="0.128">
    <error type="java.lang.NullPointerException">java.lang.NullPointerException
	at pt.isel.mpd.weathergw.WeatherParserFromStream.parseWeather(WeatherParserFromStream.java:39)
	at pt.isel.mpd.weathergw.WeatherParserFromHttp.parseWeather(WeatherParserFromHttp.java:43)
	at pt.isel.mpd.weathergw.test.WeatherTestWithHTTP.test_search_by_predicate(WeatherTestWithHTTP.java:45)
	at sun.reflect.NativeMethodAccessorImpl.invoke0(Native Method)
	at sun.reflect.NativeMethodAccessorImpl.invoke(NativeMethodAccessorImpl.java:62)
	at sun.reflect.DelegatingMethodAccessorImpl.invoke(DelegatingMethodAccessorImpl.java:43)
	at java.lang.reflect.Method.invoke(Method.java:483)
	at junit.framework.TestCase.runTest(TestCase.java:168)
	at junit.framework.TestCase.runBare(TestCase.java:134)
	at junit.framework.TestResult$1.protect(TestResult.java:110)
	at junit.framework.TestResult.runProtected(TestResult.java:128)
	at junit.framework.TestResult.run(TestResult.java:113)
	at junit.framework.TestCase.run(TestCase.java:124)
	at junit.framework.TestSuite.runTest(TestSuite.java:243)
	at junit.framework.TestSuite.run(TestSuite.java:238)
	at org.junit.internal.runners.JUnit38ClassRunner.run(JUnit38ClassRunner.java:83)
	at org.apache.maven.surefire.junit4.JUnit4TestSet.execute(JUnit4TestSet.java:53)
	at org.apache.maven.surefire.junit4.JUnit4Provider.executeTestSet(JUnit4Provider.java:123)
	at org.apache.maven.surefire.junit4.JUnit4Provider.invoke(JUnit4Provider.java:104)
	at sun.reflect.NativeMethodAccessorImpl.invoke0(Native Method)
	at sun.reflect.NativeMethodAccessorImpl.invoke(NativeMethodAccessorImpl.java:62)
	at sun.reflect.DelegatingMethodAccessorImpl.invoke(DelegatingMethodAccessorImpl.java:43)
	at java.lang.reflect.Method.invoke(Method.java:483)
	at org.apache.maven.surefire.util.ReflectionUtils.invokeMethodWithArray(ReflectionUtils.java:164)
	at org.apache.maven.surefire.booter.ProviderFactory$ProviderProxy.invoke(ProviderFactory.java:110)
	at org.apache.maven.surefire.booter.SurefireStarter.invokeProvider(SurefireStarter.java:175)
	at org.apache.maven.surefire.booter.SurefireStarter.runSuitesInProcessWhenForked(SurefireStarter.java:107)
	at org.apache.maven.surefire.booter.ForkedBooter.main(ForkedBooter.java:68)
</error>
    <system-err>Mar 24, 2015 2:21:13 PM org.apache.http.client.protocol.ResponseProcessCookies processCookies
WARNING: Cookie rejected [wwoanon=&quot;dC2qIgbpzbZgYh0daATmZ9qW_dUNcMybvY-DZGwUoOgb5UKqnboWG-f1bmu62cbWWGiHElrVxw_i52xLg1KvNxtrVoGdQaoZyNnA...&quot;, version:0, domain:www.worldweatheronline.com, path:/, expiry:Thu Feb 16 01:00:20 WET 2017] Illegal domain attribute &quot;www.worldweatheronline.com&quot;. Domain of origin: &quot;api.worldweatheronline.com&quot;
</system-err>
  </testcase>
  <testcase classname="pt.isel.mpd.weathergw.test.WeatherTestWithHTTP" name="test_search_by_predicate_with_lambda" time="0.136">
    <error type="java.lang.NullPointerException">java.lang.NullPointerException
	at pt.isel.mpd.weathergw.WeatherParserFromStream.parseWeather(WeatherParserFromStream.java:39)
	at pt.isel.mpd.weathergw.WeatherParserFromHttp.parseWeather(WeatherParserFromHttp.java:43)
	at pt.isel.mpd.weathergw.test.WeatherTestWithHTTP.test_search_by_predicate_with_lambda(WeatherTestWithHTTP.java:57)
	at sun.reflect.NativeMethodAccessorImpl.invoke0(Native Method)
	at sun.reflect.NativeMethodAccessorImpl.invoke(NativeMethodAccessorImpl.java:62)
	at sun.reflect.DelegatingMethodAccessorImpl.invoke(DelegatingMethodAccessorImpl.java:43)
	at java.lang.reflect.Method.invoke(Method.java:483)
	at junit.framework.TestCase.runTest(TestCase.java:168)
	at junit.framework.TestCase.runBare(TestCase.java:134)
	at junit.framework.TestResult$1.protect(TestResult.java:110)
	at junit.framework.TestResult.runProtected(TestResult.java:128)
	at junit.framework.TestResult.run(TestResult.java:113)
	at junit.framework.TestCase.run(TestCase.java:124)
	at junit.framework.TestSuite.runTest(TestSuite.java:243)
	at junit.framework.TestSuite.run(TestSuite.java:238)
	at org.junit.internal.runners.JUnit38ClassRunner.run(JUnit38ClassRunner.java:83)
	at org.apache.maven.surefire.junit4.JUnit4TestSet.execute(JUnit4TestSet.java:53)
	at org.apache.maven.surefire.junit4.JUnit4Provider.executeTestSet(JUnit4Provider.java:123)
	at org.apache.maven.surefire.junit4.JUnit4Provider.invoke(JUnit4Provider.java:104)
	at sun.reflect.NativeMethodAccessorImpl.invoke0(Native Method)
	at sun.reflect.NativeMethodAccessorImpl.invoke(NativeMethodAccessorImpl.java:62)
	at sun.reflect.DelegatingMethodAccessorImpl.invoke(DelegatingMethodAccessorImpl.java:43)
	at java.lang.reflect.Method.invoke(Method.java:483)
	at org.apache.maven.surefire.util.ReflectionUtils.invokeMethodWithArray(ReflectionUtils.java:164)
	at org.apache.maven.surefire.booter.ProviderFactory$ProviderProxy.invoke(ProviderFactory.java:110)
	at org.apache.maven.surefire.booter.SurefireStarter.invokeProvider(SurefireStarter.java:175)
	at org.apache.maven.surefire.booter.SurefireStarter.runSuitesInProcessWhenForked(SurefireStarter.java:107)
	at org.apache.maven.surefire.booter.ForkedBooter.main(ForkedBooter.java:68)
</error>
    <system-err>Mar 24, 2015 2:21:13 PM org.apache.http.client.protocol.ResponseProcessCookies processCookies
WARNING: Cookie rejected [wwoanon=&quot;IlXYpG9WedUkVVtlykByuBZqdKlDGEDQDdsCrMl4VhN3JHZ2zeUOyDlwpQRgEyLG10660ahLf3de0weqjXdetuj1QsEGnRyAYgBj...&quot;, version:0, domain:www.worldweatheronline.com, path:/, expiry:Thu Feb 16 01:01:34 WET 2017] Illegal domain attribute &quot;www.worldweatheronline.com&quot;. Domain of origin: &quot;api.worldweatheronline.com&quot;
</system-err>
  </testcase>
  <testcase classname="pt.isel.mpd.weathergw.test.WeatherTestWithHTTP" name="test_search_by_generic_predicate" time="0.126">
    <error type="java.lang.NullPointerException">java.lang.NullPointerException
	at pt.isel.mpd.weathergw.WeatherParserFromStream.parseWeather(WeatherParserFromStream.java:39)
	at pt.isel.mpd.weathergw.WeatherParserFromHttp.parseWeather(WeatherParserFromHttp.java:43)
	at pt.isel.mpd.weathergw.test.WeatherTestWithHTTP.test_search_by_generic_predicate(WeatherTestWithHTTP.java:69)
	at sun.reflect.NativeMethodAccessorImpl.invoke0(Native Method)
	at sun.reflect.NativeMethodAccessorImpl.invoke(NativeMethodAccessorImpl.java:62)
	at sun.reflect.DelegatingMethodAccessorImpl.invoke(DelegatingMethodAccessorImpl.java:43)
	at java.lang.reflect.Method.invoke(Method.java:483)
	at junit.framework.TestCase.runTest(TestCase.java:168)
	at junit.framework.TestCase.runBare(TestCase.java:134)
	at junit.framework.TestResult$1.protect(TestResult.java:110)
	at junit.framework.TestResult.runProtected(TestResult.java:128)
	at junit.framework.TestResult.run(TestResult.java:113)
	at junit.framework.TestCase.run(TestCase.java:124)
	at junit.framework.TestSuite.runTest(TestSuite.java:243)
	at junit.framework.TestSuite.run(TestSuite.java:238)
	at org.junit.internal.runners.JUnit38ClassRunner.run(JUnit38ClassRunner.java:83)
	at org.apache.maven.surefire.junit4.JUnit4TestSet.execute(JUnit4TestSet.java:53)
	at org.apache.maven.surefire.junit4.JUnit4Provider.executeTestSet(JUnit4Provider.java:123)
	at org.apache.maven.surefire.junit4.JUnit4Provider.invoke(JUnit4Provider.java:104)
	at sun.reflect.NativeMethodAccessorImpl.invoke0(Native Method)
	at sun.reflect.NativeMethodAccessorImpl.invoke(NativeMethodAccessorImpl.java:62)
	at sun.reflect.DelegatingMethodAccessorImpl.invoke(DelegatingMethodAccessorImpl.java:43)
	at java.lang.reflect.Method.invoke(Method.java:483)
	at org.apache.maven.surefire.util.ReflectionUtils.invokeMethodWithArray(ReflectionUtils.java:164)
	at org.apache.maven.surefire.booter.ProviderFactory$ProviderProxy.invoke(ProviderFactory.java:110)
	at org.apache.maven.surefire.booter.SurefireStarter.invokeProvider(SurefireStarter.java:175)
	at org.apache.maven.surefire.booter.SurefireStarter.runSuitesInProcessWhenForked(SurefireStarter.java:107)
	at org.apache.maven.surefire.booter.ForkedBooter.main(ForkedBooter.java:68)
</error>
    <system-err>Mar 24, 2015 2:21:13 PM org.apache.http.client.protocol.ResponseProcessCookies processCookies
WARNING: Cookie rejected [wwoanon=&quot;Fi-znrv6R1OqmvzKJ0q3SJwbVr7SIsRNOc90NZ0BKgHRrQhdYzif5fovPu9k0_qQ5_a5ESXdta_U4D3T2rXl8DdU83k6uk6PTGFt...&quot;, version:0, domain:www.worldweatheronline.com, path:/, expiry:Thu Feb 16 01:00:20 WET 2017] Illegal domain attribute &quot;www.worldweatheronline.com&quot;. Domain of origin: &quot;api.worldweatheronline.com&quot;
</system-err>
  </testcase>
</testsuite>